2025-12-08 10:53:45.375 INFO  [main][PortalContextLoaderListener:114] JVM arguments: --add-opens=java.base/java.lang=ALL-UNNAMED --add-opens=java.base/java.lang.invoke=ALL-UNNAMED --add-opens=java.base/java.lang.reflect=ALL-UNNAMED --add-opens=java.base/java.net=ALL-UNNAMED --add-opens=java.base/sun.net.www.protocol.http=ALL-UNNAMED --add-opens=java.base/sun.net.www.protocol.https=ALL-UNNAMED --add-opens=java.base/sun.util.calendar=ALL-UNNAMED --add-opens=jdk.zipfs/jdk.nio.zipfs=ALL-UNNAMED --add-opens=java.base/java.lang=ALL-UNNAMED --add-opens=java.base/java.io=ALL-UNNAMED --add-opens=java.base/java.util=ALL-UNNAMED --add-opens=java.base/java.util.concurrent=ALL-UNNAMED --add-opens=java.rmi/sun.rmi.transport=ALL-UNNAMED -Djava.util.logging.config.file=D:\meetup-demo\liferay-dxp\tomcat\conf\logging.properties -Djava.util.logging.manager=org.apache.juli.ClassLoaderLogManager -Djdk.tls.ephemeralDHKeySize=2048 -Djava.protocol.handler.pkgs=org.apache.catalina.webresources -agentlib:jdwp=transport=dt_socket,address=localhost:8000,server=y,suspend=n -Dfile.encoding=UTF-8 -Djava.net.preferIPv4Stack=true -Duser.timezone=GMT -Xms2560m -Xmx2560m -XX:MaxNewSize=1536m -XX:MaxMetaspaceSize=768m -XX:MetaspaceSize=768m -XX:NewSize=1536m -XX:SurvivorRatio=7 -Dignore.endorsed.dirs= -Dcatalina.base=D:\meetup-demo\liferay-dxp\tomcat -Dcatalina.home=D:\meetup-demo\liferay-dxp\tomcat -Djava.io.tmpdir=D:\meetup-demo\liferay-dxp\tomcat\temp
2025-12-08 10:58:38.979 INFO  [SystemExecutorServiceUtil-1][DialectDetector:145] Using dialect org.hibernate.dialect.PostgreSQL10Dialect for PostgreSQL 16.9
2025-12-08 10:58:39.273 INFO  [SystemExecutorServiceUtil-1][DBInitUtil:109] Create tables and populate with default data
2025-12-08 10:58:43.099 INFO  [main][ModuleFrameworkImpl:1355] Starting initial bundles
2025-12-08 10:59:15.243 INFO  [main][InterpolationConfigurationPlugin:109] Configured directory for secrets: D:/meetup-demo/liferay-dxp/osgi/configs
2025-12-08 10:59:19.631 INFO  [main][ModuleFrameworkImpl:1645] Started initial bundles
2025-12-08 10:59:19.640 INFO  [main][ModuleFrameworkImpl:1690] Starting dynamic bundles
2025-12-08 10:59:37.631 WARN  [Start Level: Equinox Container: c5648473-c545-4d18-998c-6b6e08454fc1][SidecarManager:70] Liferay automatically starts a child process of Elasticsearch named sidecar for convenient development and demonstration purposes. Do NOT use sidecar in production. Refer to the documentation for details on the limitations of sidecar and instructions on configuring a remote Elasticsearch connection in the Control Panel.
2025-12-08 11:00:33.056 INFO  [main][ModuleFrameworkImpl:1713] Started dynamic bundles
2025-12-08 11:00:33.058 INFO  [main][ModuleFrameworkImpl:1720] Starting web bundles
2025-12-08 11:00:39.235 INFO  [SystemExecutorServiceUtil-1][Sidecar:100] Sidecar Elasticsearch 7.17.24 liferay_sidecar started at 127.0.0.1:9201
2025-12-08 11:00:45.031 INFO  [main][ModuleFrameworkImpl:1774] Started web bundles
2025-12-08 11:00:45.031 INFO  [main][ModuleFrameworkImpl:283] Navigate to Control Panel > System > Gogo Shell and enter "lb" to see all bundles
2025-12-08 11:00:49.875 INFO  [main][StartupHelperUtil:100] There are no patches installed
2025-12-08 11:00:52.262 INFO  [main][LicenseManager:-1] Failed to find directory D:\meetup-demo\liferay-dxp\data\license
2025-12-08 11:00:52.264 INFO  [main][LicenseManager:-1] No binary licenses found
2025-12-08 11:00:54.794 INFO  [main][AutoDeployDir:152] Auto deploy scanner started for D:\meetup-demo\liferay-dxp\deploy
2025-12-08 11:01:36.373 INFO  [main][VerifyProcess:65] Verifying com.liferay.portal.security.service.access.policy.internal.verify.SAPServiceVerifyProcess
2025-12-08 11:01:36.375 INFO  [main][LoggingTimer:74] Starting com.liferay.portal.security.service.access.policy.internal.verify.SAPServiceVerifyProcess#verifyDefaultSAPEntry
2025-12-08 11:01:36.527 INFO  [main][LoggingTimer:35] Completed com.liferay.portal.security.service.access.policy.internal.verify.SAPServiceVerifyProcess#verifyDefaultSAPEntry in 152 ms
2025-12-08 11:01:36.530 INFO  [main][VerifyProcess:78] Completed verification process com.liferay.portal.security.service.access.policy.internal.verify.SAPServiceVerifyProcess in 165 ms
2025-12-08 11:01:36.542 INFO  [main][VerifyProcess:65] Verifying com.liferay.search.experiences.internal.verify.SXPServiceVerifyProcess
2025-12-08 11:01:39.436 INFO  [main][VerifyProcess:78] Completed verification process com.liferay.search.experiences.internal.verify.SXPServiceVerifyProcess in 2894 ms
2025-12-08 11:01:39.451 INFO  [main][VerifyProcess:65] Verifying com.liferay.portal.search.tuning.synonyms.web.internal.verify.SynonymSetsDatabaseImporterVerifyProcess
2025-12-08 11:01:41.129 INFO  [main][VerifyProcess:78] Completed verification process com.liferay.portal.search.tuning.synonyms.web.internal.verify.SynonymSetsDatabaseImporterVerifyProcess in 1678 ms
2025-12-08 11:01:41.149 INFO  [main][VerifyProcess:65] Verifying com.liferay.commerce.product.internal.verify.CommerceProductServiceVerifyProcess
2025-12-08 11:01:41.153 INFO  [main][LoggingTimer:74] Starting com.liferay.commerce.product.internal.verify.CommerceProductServiceVerifyProcess#verifyCPMeasurementUnits
2025-12-08 11:01:42.425 INFO  [main][LoggingTimer:35] Completed com.liferay.commerce.product.internal.verify.CommerceProductServiceVerifyProcess#verifyCPMeasurementUnits in 1270 ms
2025-12-08 11:01:42.425 INFO  [main][VerifyProcess:78] Completed verification process com.liferay.commerce.product.internal.verify.CommerceProductServiceVerifyProcess in 1276 ms
2025-12-08 11:01:47.706 INFO  [fileinstall-directory-watcher][BaseAutoDeployListener:34] Copying themes for D:\meetup-demo\liferay-dxp\tomcat\temp\20251208110147597KRRYIESU\admin-theme.war
2025-12-08 11:01:54.583 INFO  [SystemExecutorServiceUtil-9-com.liferay.portal.spring.extender.internal.configuration.ServiceConfigurationInitializer-com.liferay.change.tracking.service][VerifyProcess:65] Verifying com.liferay.portal.search.tuning.rankings.web.internal.verify.RankingsDatabaseImporterVerifyProcess
2025-12-08 11:01:55.519 INFO  [SystemExecutorServiceUtil-9-com.liferay.portal.spring.extender.internal.configuration.ServiceConfigurationInitializer-com.liferay.change.tracking.service][VerifyProcess:78] Completed verification process com.liferay.portal.search.tuning.rankings.web.internal.verify.RankingsDatabaseImporterVerifyProcess in 936 ms
2025-12-08 11:01:55.626 INFO  [SystemExecutorServiceUtil-9-com.liferay.portal.spring.extender.internal.configuration.ServiceConfigurationInitializer-com.liferay.change.tracking.service][VerifyProcess:65] Verifying com.liferay.adaptive.media.document.library.thumbnails.internal.verify.DocumentLibraryThumbnailsConfigurationVerifyProcess
2025-12-08 11:01:55.694 INFO  [SystemExecutorServiceUtil-9-com.liferay.portal.spring.extender.internal.configuration.ServiceConfigurationInitializer-com.liferay.change.tracking.service][VerifyProcess:78] Completed verification process com.liferay.adaptive.media.document.library.thumbnails.internal.verify.DocumentLibraryThumbnailsConfigurationVerifyProcess in 65 ms
2025-12-08 11:01:59.014 INFO  [SystemExecutorServiceUtil-9-com.liferay.portal.spring.extender.internal.configuration.ServiceConfigurationInitializer-com.liferay.change.tracking.service][VerifyProcess:65] Verifying com.liferay.commerce.price.list.internal.verify.CommercePriceListServiceVerifyProcess
2025-12-08 11:01:59.016 INFO  [SystemExecutorServiceUtil-9-com.liferay.portal.spring.extender.internal.configuration.ServiceConfigurationInitializer-com.liferay.change.tracking.service][LoggingTimer:74] Starting com.liferay.commerce.price.list.internal.verify.CommercePriceListServiceVerifyProcess#verifyBasePriceLists
2025-12-08 11:01:59.051 INFO  [SystemExecutorServiceUtil-9-com.liferay.portal.spring.extender.internal.configuration.ServiceConfigurationInitializer-com.liferay.change.tracking.service][LoggingTimer:35] Completed com.liferay.commerce.price.list.internal.verify.CommercePriceListServiceVerifyProcess#verifyBasePriceLists in 35 ms
2025-12-08 11:01:59.053 INFO  [SystemExecutorServiceUtil-9-com.liferay.portal.spring.extender.internal.configuration.ServiceConfigurationInitializer-com.liferay.change.tracking.service][VerifyProcess:78] Completed verification process com.liferay.commerce.price.list.internal.verify.CommercePriceListServiceVerifyProcess in 39 ms
2025-12-08 11:02:02.955 INFO  [SystemExecutorServiceUtil-9-com.liferay.portal.spring.extender.internal.configuration.ServiceConfigurationInitializer-com.liferay.change.tracking.service][VerifyProcess:65] Verifying com.liferay.commerce.internal.verify.CommerceAccountServiceVerifyProcess
2025-12-08 11:02:02.961 INFO  [SystemExecutorServiceUtil-9-com.liferay.portal.spring.extender.internal.configuration.ServiceConfigurationInitializer-com.liferay.change.tracking.service][LoggingTimer:74] Starting com.liferay.commerce.internal.verify.CommerceAccountServiceVerifyProcess#verifyAccountRoles
2025-12-08 11:02:02.999 INFO  [SystemExecutorServiceUtil-9-com.liferay.portal.spring.extender.internal.configuration.ServiceConfigurationInitializer-com.liferay.change.tracking.service][LoggingTimer:35] Completed com.liferay.commerce.internal.verify.CommerceAccountServiceVerifyProcess#verifyAccountRoles in 37 ms
2025-12-08 11:02:03.002 INFO  [SystemExecutorServiceUtil-9-com.liferay.portal.spring.extender.internal.configuration.ServiceConfigurationInitializer-com.liferay.change.tracking.service][LoggingTimer:74] Starting com.liferay.commerce.internal.verify.CommerceAccountServiceVerifyProcess#verifyAccountGroup
2025-12-08 11:02:03.015 INFO  [SystemExecutorServiceUtil-9-com.liferay.portal.spring.extender.internal.configuration.ServiceConfigurationInitializer-com.liferay.change.tracking.service][LoggingTimer:35] Completed com.liferay.commerce.internal.verify.CommerceAccountServiceVerifyProcess#verifyAccountGroup in 14 ms
2025-12-08 11:02:03.019 INFO  [SystemExecutorServiceUtil-9-com.liferay.portal.spring.extender.internal.configuration.ServiceConfigurationInitializer-com.liferay.change.tracking.service][VerifyProcess:78] Completed verification process com.liferay.commerce.internal.verify.CommerceAccountServiceVerifyProcess in 64 ms
2025-12-08 11:02:05.891 INFO  [SystemExecutorServiceUtil-9-com.liferay.portal.spring.extender.internal.configuration.ServiceConfigurationInitializer-com.liferay.change.tracking.service][BatchEngineImportTaskExecutorImpl:95] Started batch engine import task 1
2025-12-08 11:02:08.810 INFO  [SystemExecutorServiceUtil-9-com.liferay.portal.spring.extender.internal.configuration.ServiceConfigurationInitializer-com.liferay.change.tracking.service][BatchEngineImportTaskExecutorImpl:176] Finished batch engine import task 1 in 2919ms
2025-12-08 11:02:17.559 INFO  [fileinstall-directory-watcher][BaseAutoDeployListener:41] Themes for D:\meetup-demo\liferay-dxp\tomcat\temp\20251208110147597KRRYIESU\admin-theme.war copied successfully
2025-12-08 11:02:36.417 INFO  [fileinstall-directory-watcher][BaseAutoDeployListener:34] Copying themes for D:\meetup-demo\liferay-dxp\tomcat\temp\20251208110236275ZOGAOIMO\classic-theme.war
2025-12-08 11:03:01.035 INFO  [fileinstall-directory-watcher][BaseAutoDeployListener:41] Themes for D:\meetup-demo\liferay-dxp\tomcat\temp\20251208110236275ZOGAOIMO\classic-theme.war copied successfully
2025-12-08 11:03:25.436 INFO  [fileinstall-directory-watcher][BaseAutoDeployListener:34] Copying themes for D:\meetup-demo\liferay-dxp\tomcat\temp\20251208110325346MTRYNIEU\dialect-theme.war
2025-12-08 11:03:55.162 INFO  [fileinstall-directory-watcher][BaseAutoDeployListener:41] Themes for D:\meetup-demo\liferay-dxp\tomcat\temp\20251208110325346MTRYNIEU\dialect-theme.war copied successfully
2025-12-08 11:04:18.422 INFO  [fileinstall-directory-watcher][BaseAutoDeployListener:34] Copying themes for D:\meetup-demo\liferay-dxp\tomcat\temp\20251208110418281RNDSPNLW\minium-theme.war
2025-12-08 11:04:46.758 INFO  [fileinstall-directory-watcher][BaseAutoDeployListener:41] Themes for D:\meetup-demo\liferay-dxp\tomcat\temp\20251208110418281RNDSPNLW\minium-theme.war copied successfully
2025-12-08 11:05:05.639 INFO  [fileinstall-directory-watcher][BaseAutoDeployListener:34] Copying themes for D:\meetup-demo\liferay-dxp\tomcat\temp\20251208110505573EMJRMFWA\speedwell-theme.war
2025-12-08 11:05:29.238 INFO  [fileinstall-directory-watcher][BaseAutoDeployListener:41] Themes for D:\meetup-demo\liferay-dxp\tomcat\temp\20251208110505573EMJRMFWA\speedwell-theme.war copied successfully
2025-12-08 11:07:06.132 INFO  [fileinstall-directory-watcher][LicenseManager:-1] DXP Development license validation passed
2025-12-08 11:07:06.136 INFO  [fileinstall-directory-watcher][LicenseManager:-1] License registered for DXP Development
2025-12-08 11:07:21.897 INFO  [com.liferay.portal.kernel.deploy.auto.AutoDeployScanner][AutoDeployDir:212] Processing activation-key-dxpdevelopment-7.4-customerportal.xml
