2025-12-08 10:53:45.375 INFO  [main][PortalContextLoaderListener:114] JVM arguments: --add-opens=java.base/java.lang=ALL-UNNAMED --add-opens=java.base/java.lang.invoke=ALL-UNNAMED --add-opens=java.base/java.lang.reflect=ALL-UNNAMED --add-opens=java.base/java.net=ALL-UNNAMED --add-opens=java.base/sun.net.www.protocol.http=ALL-UNNAMED --add-opens=java.base/sun.net.www.protocol.https=ALL-UNNAMED --add-opens=java.base/sun.util.calendar=ALL-UNNAMED --add-opens=jdk.zipfs/jdk.nio.zipfs=ALL-UNNAMED --add-opens=java.base/java.lang=ALL-UNNAMED --add-opens=java.base/java.io=ALL-UNNAMED --add-opens=java.base/java.util=ALL-UNNAMED --add-opens=java.base/java.util.concurrent=ALL-UNNAMED --add-opens=java.rmi/sun.rmi.transport=ALL-UNNAMED -Djava.util.logging.config.file=D:\meetup-demo\liferay-dxp\tomcat\conf\logging.properties -Djava.util.logging.manager=org.apache.juli.ClassLoaderLogManager -Djdk.tls.ephemeralDHKeySize=2048 -Djava.protocol.handler.pkgs=org.apache.catalina.webresources -agentlib:jdwp=transport=dt_socket,address=localhost:8000,server=y,suspend=n -Dfile.encoding=UTF-8 -Djava.net.preferIPv4Stack=true -Duser.timezone=GMT -Xms2560m -Xmx2560m -XX:MaxNewSize=1536m -XX:MaxMetaspaceSize=768m -XX:MetaspaceSize=768m -XX:NewSize=1536m -XX:SurvivorRatio=7 -Dignore.endorsed.dirs= -Dcatalina.base=D:\meetup-demo\liferay-dxp\tomcat -Dcatalina.home=D:\meetup-demo\liferay-dxp\tomcat -Djava.io.tmpdir=D:\meetup-demo\liferay-dxp\tomcat\temp
2025-12-08 10:58:38.979 INFO  [SystemExecutorServiceUtil-1][DialectDetector:145] Using dialect org.hibernate.dialect.PostgreSQL10Dialect for PostgreSQL 16.9
2025-12-08 10:58:39.273 INFO  [SystemExecutorServiceUtil-1][DBInitUtil:109] Create tables and populate with default data
2025-12-08 10:58:43.099 INFO  [main][ModuleFrameworkImpl:1355] Starting initial bundles
2025-12-08 10:59:15.243 INFO  [main][InterpolationConfigurationPlugin:109] Configured directory for secrets: D:/meetup-demo/liferay-dxp/osgi/configs
2025-12-08 10:59:19.631 INFO  [main][ModuleFrameworkImpl:1645] Started initial bundles
2025-12-08 10:59:19.640 INFO  [main][ModuleFrameworkImpl:1690] Starting dynamic bundles
2025-12-08 10:59:37.631 WARN  [Start Level: Equinox Container: c5648473-c545-4d18-998c-6b6e08454fc1][SidecarManager:70] Liferay automatically starts a child process of Elasticsearch named sidecar for convenient development and demonstration purposes. Do NOT use sidecar in production. Refer to the documentation for details on the limitations of sidecar and instructions on configuring a remote Elasticsearch connection in the Control Panel.
2025-12-08 11:00:33.056 INFO  [main][ModuleFrameworkImpl:1713] Started dynamic bundles
2025-12-08 11:00:33.058 INFO  [main][ModuleFrameworkImpl:1720] Starting web bundles
2025-12-08 11:00:39.235 INFO  [SystemExecutorServiceUtil-1][Sidecar:100] Sidecar Elasticsearch 7.17.24 liferay_sidecar started at 127.0.0.1:9201
2025-12-08 11:00:45.031 INFO  [main][ModuleFrameworkImpl:1774] Started web bundles
2025-12-08 11:00:45.031 INFO  [main][ModuleFrameworkImpl:283] Navigate to Control Panel > System > Gogo Shell and enter "lb" to see all bundles
2025-12-08 11:00:49.875 INFO  [main][StartupHelperUtil:100] There are no patches installed
2025-12-08 11:00:52.262 INFO  [main][LicenseManager:-1] Failed to find directory D:\meetup-demo\liferay-dxp\data\license
2025-12-08 11:00:52.264 INFO  [main][LicenseManager:-1] No binary licenses found
2025-12-08 11:00:54.794 INFO  [main][AutoDeployDir:152] Auto deploy scanner started for D:\meetup-demo\liferay-dxp\deploy
2025-12-08 11:01:17.008 WARN  [liferay/mail-2][MailMessageListener:123] Email test@domain.invalid will be ignored because it is included in mail.send.blacklist
2025-12-08 11:01:17.018 WARN  [liferay/mail-2][MailMessageListener:49] Skipping email because the sender is not specified
2025-12-08 11:01:17.161 WARN  [liferay/mail-3][MailMessageListener:123] Email test@domain.invalid will be ignored because it is included in mail.send.blacklist
2025-12-08 11:01:17.161 WARN  [liferay/mail-3][MailMessageListener:49] Skipping email because the sender is not specified
2025-12-08 11:01:36.373 INFO  [main][VerifyProcess:65] Verifying com.liferay.portal.security.service.access.policy.internal.verify.SAPServiceVerifyProcess
2025-12-08 11:01:36.375 INFO  [main][LoggingTimer:74] Starting com.liferay.portal.security.service.access.policy.internal.verify.SAPServiceVerifyProcess#verifyDefaultSAPEntry
2025-12-08 11:01:36.527 INFO  [main][LoggingTimer:35] Completed com.liferay.portal.security.service.access.policy.internal.verify.SAPServiceVerifyProcess#verifyDefaultSAPEntry in 152 ms
2025-12-08 11:01:36.530 INFO  [main][VerifyProcess:78] Completed verification process com.liferay.portal.security.service.access.policy.internal.verify.SAPServiceVerifyProcess in 165 ms
2025-12-08 11:01:36.542 INFO  [main][VerifyProcess:65] Verifying com.liferay.search.experiences.internal.verify.SXPServiceVerifyProcess
2025-12-08 11:01:39.436 INFO  [main][VerifyProcess:78] Completed verification process com.liferay.search.experiences.internal.verify.SXPServiceVerifyProcess in 2894 ms
2025-12-08 11:01:39.451 INFO  [main][VerifyProcess:65] Verifying com.liferay.portal.search.tuning.synonyms.web.internal.verify.SynonymSetsDatabaseImporterVerifyProcess
2025-12-08 11:01:41.129 INFO  [main][VerifyProcess:78] Completed verification process com.liferay.portal.search.tuning.synonyms.web.internal.verify.SynonymSetsDatabaseImporterVerifyProcess in 1678 ms
2025-12-08 11:01:41.149 INFO  [main][VerifyProcess:65] Verifying com.liferay.commerce.product.internal.verify.CommerceProductServiceVerifyProcess
2025-12-08 11:01:41.153 INFO  [main][LoggingTimer:74] Starting com.liferay.commerce.product.internal.verify.CommerceProductServiceVerifyProcess#verifyCPMeasurementUnits
2025-12-08 11:01:42.425 INFO  [main][LoggingTimer:35] Completed com.liferay.commerce.product.internal.verify.CommerceProductServiceVerifyProcess#verifyCPMeasurementUnits in 1270 ms
2025-12-08 11:01:42.425 INFO  [main][VerifyProcess:78] Completed verification process com.liferay.commerce.product.internal.verify.CommerceProductServiceVerifyProcess in 1276 ms
2025-12-08 11:01:47.706 INFO  [fileinstall-directory-watcher][BaseAutoDeployListener:34] Copying themes for D:\meetup-demo\liferay-dxp\tomcat\temp\20251208110147597KRRYIESU\admin-theme.war
2025-12-08 11:01:54.583 INFO  [SystemExecutorServiceUtil-9-com.liferay.portal.spring.extender.internal.configuration.ServiceConfigurationInitializer-com.liferay.change.tracking.service][VerifyProcess:65] Verifying com.liferay.portal.search.tuning.rankings.web.internal.verify.RankingsDatabaseImporterVerifyProcess
2025-12-08 11:01:55.519 INFO  [SystemExecutorServiceUtil-9-com.liferay.portal.spring.extender.internal.configuration.ServiceConfigurationInitializer-com.liferay.change.tracking.service][VerifyProcess:78] Completed verification process com.liferay.portal.search.tuning.rankings.web.internal.verify.RankingsDatabaseImporterVerifyProcess in 936 ms
2025-12-08 11:01:55.626 INFO  [SystemExecutorServiceUtil-9-com.liferay.portal.spring.extender.internal.configuration.ServiceConfigurationInitializer-com.liferay.change.tracking.service][VerifyProcess:65] Verifying com.liferay.adaptive.media.document.library.thumbnails.internal.verify.DocumentLibraryThumbnailsConfigurationVerifyProcess
2025-12-08 11:01:55.694 INFO  [SystemExecutorServiceUtil-9-com.liferay.portal.spring.extender.internal.configuration.ServiceConfigurationInitializer-com.liferay.change.tracking.service][VerifyProcess:78] Completed verification process com.liferay.adaptive.media.document.library.thumbnails.internal.verify.DocumentLibraryThumbnailsConfigurationVerifyProcess in 65 ms
2025-12-08 11:01:59.014 INFO  [SystemExecutorServiceUtil-9-com.liferay.portal.spring.extender.internal.configuration.ServiceConfigurationInitializer-com.liferay.change.tracking.service][VerifyProcess:65] Verifying com.liferay.commerce.price.list.internal.verify.CommercePriceListServiceVerifyProcess
2025-12-08 11:01:59.016 INFO  [SystemExecutorServiceUtil-9-com.liferay.portal.spring.extender.internal.configuration.ServiceConfigurationInitializer-com.liferay.change.tracking.service][LoggingTimer:74] Starting com.liferay.commerce.price.list.internal.verify.CommercePriceListServiceVerifyProcess#verifyBasePriceLists
2025-12-08 11:01:59.051 INFO  [SystemExecutorServiceUtil-9-com.liferay.portal.spring.extender.internal.configuration.ServiceConfigurationInitializer-com.liferay.change.tracking.service][LoggingTimer:35] Completed com.liferay.commerce.price.list.internal.verify.CommercePriceListServiceVerifyProcess#verifyBasePriceLists in 35 ms
2025-12-08 11:01:59.053 INFO  [SystemExecutorServiceUtil-9-com.liferay.portal.spring.extender.internal.configuration.ServiceConfigurationInitializer-com.liferay.change.tracking.service][VerifyProcess:78] Completed verification process com.liferay.commerce.price.list.internal.verify.CommercePriceListServiceVerifyProcess in 39 ms
2025-12-08 11:02:02.955 INFO  [SystemExecutorServiceUtil-9-com.liferay.portal.spring.extender.internal.configuration.ServiceConfigurationInitializer-com.liferay.change.tracking.service][VerifyProcess:65] Verifying com.liferay.commerce.internal.verify.CommerceAccountServiceVerifyProcess
2025-12-08 11:02:02.961 INFO  [SystemExecutorServiceUtil-9-com.liferay.portal.spring.extender.internal.configuration.ServiceConfigurationInitializer-com.liferay.change.tracking.service][LoggingTimer:74] Starting com.liferay.commerce.internal.verify.CommerceAccountServiceVerifyProcess#verifyAccountRoles
2025-12-08 11:02:02.999 INFO  [SystemExecutorServiceUtil-9-com.liferay.portal.spring.extender.internal.configuration.ServiceConfigurationInitializer-com.liferay.change.tracking.service][LoggingTimer:35] Completed com.liferay.commerce.internal.verify.CommerceAccountServiceVerifyProcess#verifyAccountRoles in 37 ms
2025-12-08 11:02:03.002 INFO  [SystemExecutorServiceUtil-9-com.liferay.portal.spring.extender.internal.configuration.ServiceConfigurationInitializer-com.liferay.change.tracking.service][LoggingTimer:74] Starting com.liferay.commerce.internal.verify.CommerceAccountServiceVerifyProcess#verifyAccountGroup
2025-12-08 11:02:03.015 INFO  [SystemExecutorServiceUtil-9-com.liferay.portal.spring.extender.internal.configuration.ServiceConfigurationInitializer-com.liferay.change.tracking.service][LoggingTimer:35] Completed com.liferay.commerce.internal.verify.CommerceAccountServiceVerifyProcess#verifyAccountGroup in 14 ms
2025-12-08 11:02:03.019 INFO  [SystemExecutorServiceUtil-9-com.liferay.portal.spring.extender.internal.configuration.ServiceConfigurationInitializer-com.liferay.change.tracking.service][VerifyProcess:78] Completed verification process com.liferay.commerce.internal.verify.CommerceAccountServiceVerifyProcess in 64 ms
2025-12-08 11:02:05.891 INFO  [SystemExecutorServiceUtil-9-com.liferay.portal.spring.extender.internal.configuration.ServiceConfigurationInitializer-com.liferay.change.tracking.service][BatchEngineImportTaskExecutorImpl:95] Started batch engine import task 1
2025-12-08 11:02:08.810 INFO  [SystemExecutorServiceUtil-9-com.liferay.portal.spring.extender.internal.configuration.ServiceConfigurationInitializer-com.liferay.change.tracking.service][BatchEngineImportTaskExecutorImpl:176] Finished batch engine import task 1 in 2919ms
2025-12-08 11:02:17.559 INFO  [fileinstall-directory-watcher][BaseAutoDeployListener:41] Themes for D:\meetup-demo\liferay-dxp\tomcat\temp\20251208110147597KRRYIESU\admin-theme.war copied successfully
2025-12-08 11:02:36.417 INFO  [fileinstall-directory-watcher][BaseAutoDeployListener:34] Copying themes for D:\meetup-demo\liferay-dxp\tomcat\temp\20251208110236275ZOGAOIMO\classic-theme.war
2025-12-08 11:03:01.035 INFO  [fileinstall-directory-watcher][BaseAutoDeployListener:41] Themes for D:\meetup-demo\liferay-dxp\tomcat\temp\20251208110236275ZOGAOIMO\classic-theme.war copied successfully
2025-12-08 11:03:25.436 INFO  [fileinstall-directory-watcher][BaseAutoDeployListener:34] Copying themes for D:\meetup-demo\liferay-dxp\tomcat\temp\20251208110325346MTRYNIEU\dialect-theme.war
2025-12-08 11:03:55.162 INFO  [fileinstall-directory-watcher][BaseAutoDeployListener:41] Themes for D:\meetup-demo\liferay-dxp\tomcat\temp\20251208110325346MTRYNIEU\dialect-theme.war copied successfully
2025-12-08 11:04:18.422 INFO  [fileinstall-directory-watcher][BaseAutoDeployListener:34] Copying themes for D:\meetup-demo\liferay-dxp\tomcat\temp\20251208110418281RNDSPNLW\minium-theme.war
2025-12-08 11:04:46.758 INFO  [fileinstall-directory-watcher][BaseAutoDeployListener:41] Themes for D:\meetup-demo\liferay-dxp\tomcat\temp\20251208110418281RNDSPNLW\minium-theme.war copied successfully
2025-12-08 11:04:56.516 INFO  [http-nio-8080-exec-2][BundleSiteInitializer:527] Initializing com.liferay.site.initializer.welcome for group 20117
2025-12-08 11:04:56.559 INFO  [http-nio-8080-exec-2][BundleSiteInitializer:5613] Invoking addOrUpdateDDMStructures took 1 ms
2025-12-08 11:04:56.560 INFO  [http-nio-8080-exec-2][BundleSiteInitializer:5613] Invoking addOrUpdateListTypeDefinitions took 0 ms
2025-12-08 11:04:56.561 INFO  [http-nio-8080-exec-2][BundleSiteInitializer:5613] Invoking addStyleBookEntries took 0 ms
2025-12-08 11:04:56.570 INFO  [http-nio-8080-exec-2][BundleSiteInitializer:5613] Invoking addSiteSettings took 6 ms
2025-12-08 11:04:56.591 INFO  [http-nio-8080-exec-2][BundleSiteInitializer:5613] Invoking addOrUpdateRoles took 19 ms
2025-12-08 11:04:56.592 INFO  [http-nio-8080-exec-2][BundleSiteInitializer:5613] Invoking addWorkflowDefinitions took 1 ms
2025-12-08 11:04:56.595 INFO  [http-nio-8080-exec-2][BundleSiteInitializer:5613] Invoking addOrUpdateExpandoColumns took 0 ms
2025-12-08 11:04:56.598 INFO  [http-nio-8080-exec-2][BundleSiteInitializer:5613] Invoking addOrUpdateObjectFolders took 0 ms
2025-12-08 11:04:56.600 INFO  [http-nio-8080-exec-2][BundleSiteInitializer:5613] Invoking addOrUpdateTaxonomyVocabularies took 0 ms
2025-12-08 11:04:56.602 INFO  [http-nio-8080-exec-2][BundleSiteInitializer:5613] Invoking addOrUpdateUserGroups took 0 ms
2025-12-08 11:04:56.603 INFO  [http-nio-8080-exec-2][BundleSiteInitializer:5613] Invoking addSiteConfiguration took 0 ms
2025-12-08 11:04:56.605 INFO  [http-nio-8080-exec-2][BundleSiteInitializer:5613] Invoking addOrUpdateDepotEntries took 0 ms
2025-12-08 11:05:05.639 INFO  [fileinstall-directory-watcher][BaseAutoDeployListener:34] Copying themes for D:\meetup-demo\liferay-dxp\tomcat\temp\20251208110505573EMJRMFWA\speedwell-theme.war
2025-12-08 11:05:11.861 INFO  [http-nio-8080-exec-2][BundleSiteInitializer:5613] Invoking addOrUpdateDocuments took 15255 ms
2025-12-08 11:05:11.862 INFO  [http-nio-8080-exec-2][BundleSiteInitializer:5613] Invoking addAccounts took 0 ms
2025-12-08 11:05:11.864 INFO  [http-nio-8080-exec-2][BundleSiteInitializer:5613] Invoking addOrUpdateSAPEntries took 0 ms
2025-12-08 11:05:11.897 INFO  [http-nio-8080-exec-2][BundleSiteInitializer:5613] Invoking addAccountGroups took 33 ms
2025-12-08 11:05:11.898 INFO  [http-nio-8080-exec-2][BundleSiteInitializer:5613] Invoking addAccountGroupAssignments took 0 ms
2025-12-08 11:05:11.899 INFO  [http-nio-8080-exec-2][BundleSiteInitializer:5613] Invoking addOrUpdateKnowledgeBaseArticles took 1 ms
2025-12-08 11:05:11.932 INFO  [http-nio-8080-exec-2][BundleSiteInitializer:5613] Invoking addOrUpdateDataDefinitions took 32 ms
2025-12-08 11:05:14.300 INFO  [http-nio-8080-exec-2][BundleSiteInitializer:5613] Invoking addOrUpdateLayouts took 2367 ms
2025-12-08 11:05:14.301 INFO  [http-nio-8080-exec-2][BundleSiteInitializer:5613] Invoking setPLOEntries took 0 ms
2025-12-08 11:05:14.302 INFO  [http-nio-8080-exec-2][BundleSiteInitializer:5613] Invoking addOrUpdateOrganizations took 0 ms
2025-12-08 11:05:14.303 INFO  [http-nio-8080-exec-2][BundleSiteInitializer:5613] Invoking addFragmentEntries took 0 ms
2025-12-08 11:05:14.309 INFO  [http-nio-8080-exec-2][BundleSiteInitializer:5613] Invoking addOrUpdateClientExtensionEntries took 5 ms
2025-12-08 11:05:14.310 INFO  [http-nio-8080-exec-2][BundleSiteInitializer:5613] Invoking addKeywords took 0 ms
2025-12-08 11:05:14.311 INFO  [http-nio-8080-exec-2][BundleSiteInitializer:5613] Invoking addOrUpdateBlogPostings took 0 ms
2025-12-08 11:05:14.312 INFO  [http-nio-8080-exec-2][BundleSiteInitializer:5613] Invoking addOrUpdateAssetLinkEntries took 0 ms
2025-12-08 11:05:14.313 INFO  [http-nio-8080-exec-2][BundleSiteInitializer:5613] Invoking addPortletSettings took 0 ms
2025-12-08 11:05:14.315 INFO  [http-nio-8080-exec-2][BundleSiteInitializer:5613] Invoking addOrUpdateSXPBlueprint took 0 ms
2025-12-08 11:05:14.340 INFO  [http-nio-8080-exec-2][BundleSiteInitializer:5613] Invoking updateLayoutSets took 25 ms
2025-12-08 11:05:14.341 INFO  [http-nio-8080-exec-2][BundleSiteInitializer:5613] Invoking addAccountsOrganizations took 0 ms
2025-12-08 11:05:14.342 INFO  [http-nio-8080-exec-2][BundleSiteInitializer:5613] Invoking addUserAccounts took 1 ms
2025-12-08 11:05:14.343 INFO  [http-nio-8080-exec-2][BundleSiteInitializer:5613] Invoking addOrUpdateSegmentsEntries took 0 ms
2025-12-08 11:05:14.344 INFO  [http-nio-8080-exec-2][BundleSiteInitializer:5613] Invoking addUserRoles took 0 ms
2025-12-08 11:05:14.344 INFO  [http-nio-8080-exec-2][BundleSiteInitializer:5613] Invoking addRolesAssignments took 0 ms
2025-12-08 11:05:14.352 INFO  [http-nio-8080-exec-2][BundleSiteInitializer:5613] Invoking addObjectDefinitions took 6 ms
2025-12-08 11:05:14.353 INFO  [http-nio-8080-exec-2][BundleSiteInitializer:5613] Invoking addOrUpdateObjectRelationships took 0 ms
2025-12-08 11:05:14.355 INFO  [http-nio-8080-exec-2][BundleSiteInitializer:5613] Invoking addOrUpdateObjectFields took 0 ms
2025-12-08 11:05:14.356 INFO  [http-nio-8080-exec-2][BundleSiteInitializer:5613] Invoking publishObjectDefinitions took 0 ms
2025-12-08 11:05:14.357 INFO  [http-nio-8080-exec-2][BundleSiteInitializer:5613] Invoking addOrUpdateNotificationTemplates took 0 ms
2025-12-08 11:05:14.478 INFO  [http-nio-8080-exec-2][BundleSiteInitializer:5613] Invoking addOrUpdateDDMTemplates took 121 ms
2025-12-08 11:05:14.479 INFO  [http-nio-8080-exec-2][BundleSiteInitializer:5613] Invoking addAssetListEntries took 0 ms
2025-12-08 11:05:14.482 INFO  [http-nio-8080-exec-2][BundleSiteInitializer:5613] Invoking addOrUpdateJournalArticles took 1 ms
2025-12-08 11:05:14.483 INFO  [http-nio-8080-exec-2][BundleSiteInitializer:5613] Invoking addOrUpdateAccountEntryRestrictions took 0 ms
2025-12-08 11:05:14.485 INFO  [http-nio-8080-exec-2][BundleSiteInitializer:5613] Invoking addOrUpdateObjectActions took 0 ms
2025-12-08 11:05:14.486 INFO  [http-nio-8080-exec-2][BundleSiteInitializer:5613] Invoking addOrUpdateObjectEntries took 0 ms
2025-12-08 11:05:14.487 INFO  [http-nio-8080-exec-2][BundleSiteInitializer:5613] Invoking addCPDefinitions took 0 ms
2025-12-08 11:05:29.238 INFO  [fileinstall-directory-watcher][BaseAutoDeployListener:41] Themes for D:\meetup-demo\liferay-dxp\tomcat\temp\20251208110505573EMJRMFWA\speedwell-theme.war copied successfully
2025-12-08 11:05:36.146 INFO  [http-nio-8080-exec-2][BundleSiteInitializer:5613] Invoking addLayoutUtilityPageEntries took 21658 ms
2025-12-08 11:05:36.147 INFO  [http-nio-8080-exec-2][BundleSiteInitializer:5613] Invoking addLayoutPageTemplates took 0 ms
2025-12-08 11:05:40.362 INFO  [http-nio-8080-exec-2][BundleSiteInitializer:5613] Invoking addOrUpdateLayoutsContent took 4214 ms
2025-12-08 11:05:40.364 INFO  [http-nio-8080-exec-2][BundleSiteInitializer:5613] Invoking addExpandoValues took 0 ms
2025-12-08 11:05:40.365 INFO  [http-nio-8080-exec-2][BundleSiteInitializer:5613] Invoking addSegmentsExperiences took 0 ms
2025-12-08 11:05:40.366 INFO  [http-nio-8080-exec-2][BundleSiteInitializer:5613] Invoking addOrUpdateResourcePermissions took 0 ms
2025-12-08 11:05:40.368 INFO  [http-nio-8080-exec-2][BundleSiteInitializer:545] Initialized com.liferay.site.initializer.welcome for group 20117 in 43852 ms
2025-12-08 11:07:06.132 INFO  [fileinstall-directory-watcher][LicenseManager:-1] DXP Development license validation passed
2025-12-08 11:07:06.136 INFO  [fileinstall-directory-watcher][LicenseManager:-1] License registered for DXP Development
2025-12-08 11:07:21.897 INFO  [com.liferay.portal.kernel.deploy.auto.AutoDeployScanner][AutoDeployDir:212] Processing activation-key-dxpdevelopment-7.4-customerportal.xml
2025-12-08 11:10:00.066 WARN  [liferay/mail-3][MailMessageListener:123] Email test@domain.invalid will be ignored because it is included in mail.send.blacklist
2025-12-08 11:10:00.066 WARN  [liferay/mail-3][MailMessageListener:49] Skipping email because the sender is not specified
2025-12-08 11:36:44.298 INFO  [http-nio-8080-exec-5][ObjectDefinitionResourceImpl:121] Deleting object definition 33151
2025-12-08 11:36:44.766 INFO  [http-nio-8080-exec-5][ObjectDefinitionResourceImpl:144] Deleted object definition 33151 in 468ms
